andengineLibrary/AndEngine-GLES2-AnchorCenter/build/outputs/logs/manifest-merger-debug-report.txt
-- Merging decision tree log ---
manifest
ADDED from andengineLibrary\AndEngine-GLES2-AnchorCenter\AndroidManifest.xml:2:1-15:12
INJECTED from andengineLibrary\AndEngine-GLES2-AnchorCenter\AndroidManifest.xml:2:1-15:12
INJECTED from andengineLibrary\AndEngine-GLES2-AnchorCenter\AndroidManifest.xml:2:1-15:12
INJECTED from andengineLibrary\AndEngine-GLES2-AnchorCenter\AndroidManifest.xml:2:1-15:12
INJECTED from andengineLibrary\AndEngine-GLES2-AnchorCenter\AndroidManifest.xml:2:1-15:12
INJECTED from andengineLibrary\AndEngine-GLES2-AnchorCenter\AndroidManifest.xml:2:1-15:12
INJECTED from andengineLibrary\AndEngine-GLES2-AnchorCenter\AndroidManifest.xml:2:1-15:12
	package
		ADDED from andengineLibrary\AndEngine-GLES2-AnchorCenter\AndroidManifest.xml:3:5-28
		INJECTED from andengineLibrary\AndEngine-GLES2-AnchorCenter\AndroidManifest.xml
		INJECTED from andengineLibrary\AndEngine-GLES2-AnchorCenter\AndroidManifest.xml
	android:versionName
		ADDED from andengineLibrary\AndEngine-GLES2-AnchorCenter\AndroidManifest.xml:5:5-30
		INJECTED from andengineLibrary\AndEngine-GLES2-AnchorCenter\AndroidManifest.xml
		INJECTED from andengineLibrary\AndEngine-GLES2-AnchorCenter\AndroidManifest.xml
	xmlns:android
		ADDED from andengineLibrary\AndEngine-GLES2-AnchorCenter\AndroidManifest.xml:2:11-69
	android:versionCode
		ADDED from andengineLibrary\AndEngine-GLES2-AnchorCenter\AndroidManifest.xml:4:5-28
		INJECTED from andengineLibrary\AndEngine-GLES2-AnchorCenter\AndroidManifest.xml
		INJECTED from andengineLibrary\AndEngine-GLES2-AnchorCenter\AndroidManifest.xml
uses-feature#0x00020000
ADDED from andengineLibrary\AndEngine-GLES2-AnchorCenter\AndroidManifest.xml:7:5-9:35
	android:glEsVersion
		ADDED from andengineLibrary\AndEngine-GLES2-AnchorCenter\AndroidManifest.xml:8:9-41
	android:required
		ADDED from andengineLibrary\AndEngine-GLES2-AnchorCenter\AndroidManifest.xml:9:9-32
uses-sdk
ADDED from andengineLibrary\AndEngine-GLES2-AnchorCenter\AndroidManifest.xml:11:5-13:40
INJECTED from andengineLibrary\AndEngine-GLES2-AnchorCenter\AndroidManifest.xml:11:5-13:40
INJECTED from andengineLibrary\AndEngine-GLES2-AnchorCenter\AndroidManifest.xml:11:5-13:40
INJECTED from andengineLibrary\AndEngine-GLES2-AnchorCenter\AndroidManifest.xml:11:5-13:40
INJECTED from andengineLibrary\AndEngine-GLES2-AnchorCenter\AndroidManifest.xml:11:5-13:40
	android:targetSdkVersion
		ADDED from andengineLibrary\AndEngine-GLES2-AnchorCenter\AndroidManifest.xml:13:9-37
		INJECTED from andengineLibrary\AndEngine-GLES2-AnchorCenter\AndroidManifest.xml
		INJECTED from andengineLibrary\AndEngine-GLES2-AnchorCenter\AndroidManifest.xml
	android:minSdkVersion
		ADDED from andengineLibrary\AndEngine-GLES2-AnchorCenter\AndroidManifest.xml:12:9-34
		INJECTED from andengineLibrary\AndEngine-GLES2-AnchorCenter\AndroidManifest.xml
		INJECTED from andengineLibrary\AndEngine-GLES2-AnchorCenter\AndroidManifest.xml
application
ADDED from andengineLibrary\AndEngine-GLES2-AnchorCenter\AndroidManifest.xml:14:5-20